2025-03-15 20:12:32,483 - INFO - Iniciando execu巫o do script principal...
2025-03-15 20:12:32,483 - INFO - Iniciando BOTS ATIVOS (24/7)...
2025-03-15 20:12:33,298 - INFO - Script backend\CalculadoraDutching\dutching.py executado com sucesso.
2025-03-15 20:12:33,298 - INFO - Script backend\CalculadoraEV\calculadoraEV.py executado com sucesso.
2025-03-15 20:12:33,298 - INFO - Iniciando execu巫o dos scripts CSV DIRETO...
2025-03-15 20:12:44,059 - INFO - ====== WebDriver manager ======
2025-03-15 20:12:48,895 - INFO - Get LATEST chromedriver version for google-chrome
2025-03-15 20:12:48,986 - INFO - Get LATEST chromedriver version for google-chrome
2025-03-15 20:12:49,072 - INFO - Driver [C:\Users\Diogo\.wdm\drivers\chromedriver\win64\134.0.6998.88\chromedriver-win32/chromedriver.exe] found in cache
2025-03-15 20:12:51,784 - INFO - Script backend\scrapingSportsbooks\Tipo4\tipo4(UXBET).py executado com sucesso.
2025-03-15 20:12:52,321 - ERROR - Erro ao executar o script backend\scrapingSportsbooks\Tipo2\apostaTudo.py: 'charmap' codec can't decode byte 0x81 in position 2279: character maps to <undefined>
2025-03-15 20:13:14,169 - ERROR - Erro ao executar o script backend\scrapingSportsbooks\Tipo3\tipo3(BETfast).py: Timeout 30000ms exceeded.
2025-03-15 20:13:47,849 - INFO - Script backend\scrapingSportsbooks\Tipo1\BetEsporte.py executado com sucesso.
2025-03-15 20:13:47,998 - ERROR - Erro ao executar o script backend\scrapingSportsbooks\Tipo3\tipo3(FAZ1BET).py: 
2025-03-15 20:15:12,466 - INFO - Iniciando execu巫o do script principal...
2025-03-15 20:15:12,466 - INFO - Iniciando BOTS ATIVOS (24/7)...
2025-03-15 20:15:13,107 - INFO - Script backend\CalculadoraDutching\dutching.py executado com sucesso.
2025-03-15 20:15:13,107 - INFO - Script backend\CalculadoraEV\calculadoraEV.py executado com sucesso.
2025-03-15 20:15:13,107 - INFO - Iniciando execu巫o dos scripts CSV DIRETO...
2025-03-15 20:15:18,236 - INFO - ====== WebDriver manager ======
2025-03-15 20:15:27,344 - INFO - Get LATEST chromedriver version for google-chrome
2025-03-15 20:15:27,433 - INFO - Get LATEST chromedriver version for google-chrome
2025-03-15 20:15:27,516 - INFO - Driver [C:\Users\Diogo\.wdm\drivers\chromedriver\win64\134.0.6998.88\chromedriver-win32/chromedriver.exe] found in cache
2025-03-15 20:15:29,034 - INFO - Script backend\scrapingSportsbooks\Tipo4\tipo4(UXBET).py executado com sucesso.
2025-03-15 20:15:29,116 - ERROR - Erro ao executar o script backend\scrapingSportsbooks\Tipo2\apostaTudo.py: 'charmap' codec can't decode byte 0x81 in position 2279: character maps to <undefined>
2025-03-15 20:15:50,602 - INFO - Script backend\scrapingSportsbooks\Tipo3\tipo3(FAZ1BET).py executado com sucesso.
2025-03-15 20:16:15,284 - INFO - Script backend\scrapingSportsbooks\Tipo1\BetEsporte.py executado com sucesso.
2025-03-15 20:16:45,883 - INFO - Script backend\scrapingSportsbooks\Tipo3\tipo3(BETfast).py executado com sucesso.
2025-03-15 20:16:45,884 - INFO - Aguardando 15 minutos para a pr鳥ima execu巫o...
2025-03-15 20:27:46,077 - INFO - Iniciando execu巫o do script principal...
2025-03-15 20:27:46,077 - INFO - Iniciando BOTS ATIVOS (24/7)...
2025-03-15 20:27:46,781 - INFO - Script backend\CalculadoraDutching\dutching.py executado com sucesso.
2025-03-15 20:27:46,782 - INFO - Script backend\CalculadoraEV\calculadoraEV.py executado com sucesso.
2025-03-15 20:27:46,782 - INFO - Iniciando execu巫o dos scripts CSV DIRETO...
2025-03-15 20:27:59,662 - INFO - ====== WebDriver manager ======
2025-03-15 20:28:02,066 - INFO - Get LATEST chromedriver version for google-chrome
2025-03-15 20:28:02,153 - INFO - Get LATEST chromedriver version for google-chrome
2025-03-15 20:28:02,231 - INFO - Driver [C:\Users\Diogo\.wdm\drivers\chromedriver\win64\134.0.6998.88\chromedriver-win32/chromedriver.exe] found in cache
2025-03-15 20:28:02,267 - INFO - Script backend\scrapingSportsbooks\Tipo4\tipo4(UXBET).py executado com sucesso.
2025-03-15 20:28:02,588 - ERROR - Erro ao executar o script backend\scrapingSportsbooks\Tipo2\apostaTudo.py: 'charmap' codec can't decode byte 0x81 in position 2278: character maps to <undefined>
2025-03-15 20:28:24,155 - INFO - Script backend\scrapingSportsbooks\Tipo3\tipo3(FAZ1BET).py executado com sucesso.
2025-03-15 20:28:44,413 - INFO - Script backend\scrapingSportsbooks\Tipo1\BetEsporte.py executado com sucesso.
2025-03-15 20:29:48,799 - INFO - Script backend\scrapingSportsbooks\Tipo3\tipo3(BETfast).py executado com sucesso.
2025-03-15 20:29:48,800 - INFO - Aguardando 15 minutos para a pr鳥ima execu巫o...
2025-03-15 20:32:54,467 - INFO - Iniciando execu巫o do script principal...
2025-03-15 20:32:54,467 - INFO - Iniciando BOTS ATIVOS (24/7)...
2025-03-15 20:32:55,170 - INFO - Script backend\CalculadoraDutching\dutching.py executado com sucesso.
2025-03-15 20:32:55,170 - INFO - Script backend\CalculadoraEV\calculadoraEV.py executado com sucesso.
2025-03-15 20:32:55,171 - INFO - Iniciando execu巫o dos scripts CSV DIRETO...
2025-03-15 20:33:08,730 - INFO - ====== WebDriver manager ======
2025-03-15 20:33:11,579 - INFO - Get LATEST chromedriver version for google-chrome
2025-03-15 20:33:11,687 - INFO - Get LATEST chromedriver version for google-chrome
2025-03-15 20:33:11,785 - INFO - Driver [C:\Users\Diogo\.wdm\drivers\chromedriver\win64\134.0.6998.88\chromedriver-win32/chromedriver.exe] found in cache
2025-03-15 20:33:14,788 - INFO - Script backend\scrapingSportsbooks\Tipo4\tipo4(UXBET).py executado com sucesso.
2025-03-15 20:33:37,616 - INFO - Script backend\scrapingSportsbooks\Tipo3\tipo3(FAZ1BET).py executado com sucesso.
2025-03-15 20:34:14,316 - INFO - Script backend\scrapingSportsbooks\Tipo3\tipo3(BETfast).py executado com sucesso.
2025-03-15 20:34:36,472 - INFO - Script backend\scrapingSportsbooks\Tipo1\BetEsporte.py executado com sucesso.
2025-03-15 20:35:47,942 - INFO - Script backend\scrapingSportsbooks\Tipo2\apostaTudo.py executado com sucesso.
2025-03-15 20:35:47,943 - INFO - Aguardando 15 minutos para a pr鳥ima execu巫o...
2025-03-15 20:37:12,480 - INFO - Iniciando execu칞칚o do script principal...
2025-03-15 20:37:12,480 - INFO - Iniciando BOTS ATIVOS (24/7)...
2025-03-15 20:37:13,191 - INFO - Script backend\CalculadoraEV\calculadoraEV.py executado com sucesso.
2025-03-15 20:37:13,191 - INFO - Script backend\CalculadoraDutching\dutching.py executado com sucesso.
2025-03-15 20:37:13,192 - INFO - Iniciando execu칞칚o dos scripts CSV DIRETO...
2025-03-15 20:37:22,867 - INFO - ====== WebDriver manager ======
2025-03-15 20:37:28,337 - INFO - Get LATEST chromedriver version for google-chrome
2025-03-15 20:37:28,444 - INFO - Get LATEST chromedriver version for google-chrome
2025-03-15 20:37:28,522 - INFO - Driver [C:\Users\Diogo\.wdm\drivers\chromedriver\win64\134.0.6998.88\chromedriver-win32/chromedriver.exe] found in cache
2025-03-15 20:37:30,531 - ERROR - Erro ao executar o script backend\scrapingSportsbooks\Tipo2\apostaTudo.py: 'charmap' codec can't decode byte 0x81 in position 1578: character maps to <undefined>
2025-03-15 20:37:30,774 - INFO - Script backend\scrapingSportsbooks\Tipo4\tipo4(UXBET).py executado com sucesso.
2025-03-15 20:37:52,920 - INFO - Script backend\scrapingSportsbooks\Tipo3\tipo3(FAZ1BET).py executado com sucesso.
2025-03-15 20:38:14,397 - INFO - Script backend\scrapingSportsbooks\Tipo1\BetEsporte.py executado com sucesso.
2025-03-15 20:38:34,911 - INFO - Script backend\scrapingSportsbooks\Tipo3\tipo3(BETfast).py executado com sucesso.
2025-03-15 20:38:34,912 - INFO - Aguardando 15 minutos para a pr칩xima execu칞칚o...
2025-03-15 20:40:13,160 - INFO - Iniciando execu칞칚o do script principal...
2025-03-15 20:40:13,161 - INFO - Iniciando BOTS ATIVOS (24/7)...
2025-03-15 20:40:13,918 - INFO - Script backend\CalculadoraDutching\dutching.py executado com sucesso.
2025-03-15 20:40:13,918 - INFO - Script backend\CalculadoraEV\calculadoraEV.py executado com sucesso.
2025-03-15 20:40:13,918 - INFO - Iniciando execu칞칚o dos scripts CSV DIRETO...
2025-03-15 20:40:24,993 - INFO - ====== WebDriver manager ======
2025-03-15 20:40:29,969 - INFO - Get LATEST chromedriver version for google-chrome
2025-03-15 20:40:30,091 - INFO - Get LATEST chromedriver version for google-chrome
2025-03-15 20:40:30,188 - INFO - Driver [C:\Users\Diogo\.wdm\drivers\chromedriver\win64\134.0.6998.88\chromedriver-win32/chromedriver.exe] found in cache
2025-03-15 20:40:30,835 - ERROR - Erro ao executar o script backend\scrapingSportsbooks\Tipo2\apostaTudo.py: 'charmap' codec can't decode byte 0x81 in position 1578: character maps to <undefined>
2025-03-15 20:40:32,117 - INFO - Script backend\scrapingSportsbooks\Tipo4\tipo4(UXBET).py executado com sucesso.
2025-03-15 20:40:52,323 - INFO - Script backend\scrapingSportsbooks\Tipo3\tipo3(FAZ1BET).py executado com sucesso.
2025-03-15 20:41:23,485 - INFO - Script backend\scrapingSportsbooks\Tipo1\BetEsporte.py executado com sucesso.
2025-03-15 20:41:37,226 - INFO - Script backend\scrapingSportsbooks\Tipo3\tipo3(BETfast).py executado com sucesso.
2025-03-15 20:41:37,227 - INFO - Aguardando 15 minutos para a pr칩xima execu칞칚o...
2025-03-15 20:43:25,588 - INFO - Iniciando execu칞칚o do script principal...
2025-03-15 20:43:25,588 - INFO - Iniciando BOTS ATIVOS (24/7)...
2025-03-15 20:43:26,258 - INFO - Script backend\CalculadoraDutching\dutching.py executado com sucesso.
2025-03-15 20:43:26,258 - INFO - Script backend\CalculadoraEV\calculadoraEV.py executado com sucesso.
2025-03-15 20:43:26,258 - INFO - Iniciando execu칞칚o dos scripts CSV DIRETO...
2025-03-15 20:43:31,228 - INFO - ====== WebDriver manager ======
2025-03-15 20:43:42,930 - INFO - Get LATEST chromedriver version for google-chrome
2025-03-15 20:43:43,201 - INFO - Get LATEST chromedriver version for google-chrome
2025-03-15 20:43:43,288 - INFO - Driver [C:\Users\Diogo\.wdm\drivers\chromedriver\win64\134.0.6998.88\chromedriver-win32/chromedriver.exe] found in cache
2025-03-15 20:43:49,706 - INFO - Script backend\scrapingSportsbooks\Tipo4\tipo4(UXBET).py executado com sucesso.
2025-03-15 20:43:52,800 - ERROR - Erro ao executar o script backend\scrapingSportsbooks\Tipo2\apostaTudo.py: ElementHandle.query_selector: Target page, context or browser has been closed
2025-03-15 20:44:07,468 - INFO - Script backend\scrapingSportsbooks\Tipo3\tipo3(FAZ1BET).py executado com sucesso.
2025-03-15 20:44:46,176 - INFO - Script backend\scrapingSportsbooks\Tipo3\tipo3(BETfast).py executado com sucesso.
2025-03-15 20:49:01,202 - WARNING - Retrying (Retry(total=2, connect=None, read=None, redirect=None, status=None)) after connection broken by 'NewConnectionError('<urllib3.connection.HTTPConnection object at 0x0000015BBE202CF0>: Failed to establish a new connection: [WinError 10061] Nenhuma conex칚o p칪de ser feita porque a m치quina de destino as recusou ativamente')': /session/83100aa7474bbb8de3c49fde9d7f59cb/element
2025-03-15 20:49:05,282 - WARNING - Retrying (Retry(total=1, connect=None, read=None, redirect=None, status=None)) after connection broken by 'NewConnectionError('<urllib3.connection.HTTPConnection object at 0x0000015BB4F83890>: Failed to establish a new connection: [WinError 10061] Nenhuma conex칚o p칪de ser feita porque a m치quina de destino as recusou ativamente')': /session/83100aa7474bbb8de3c49fde9d7f59cb/element
2025-03-15 20:49:09,363 - WARNING - Retrying (Retry(total=0, connect=None, read=None, redirect=None, status=None)) after connection broken by 'NewConnectionError('<urllib3.connection.HTTPConnection object at 0x0000015BB65CF390>: Failed to establish a new connection: [WinError 10061] Nenhuma conex칚o p칪de ser feita porque a m치quina de destino as recusou ativamente')': /session/83100aa7474bbb8de3c49fde9d7f59cb/element
