2025-03-16 20:11:48,600 - INFO - Executando scripts COMPOSTOS...
2025-03-16 20:11:48,600 - INFO - 📸 Executando scripts do TipoFotos...
2025-03-16 20:11:48,600 - INFO - Executando scraping: backend\\scrapingSportsbooks\\Tipo1\\betPIX365.py
2025-03-16 20:11:48,600 - ERROR - ❌ Erro ao executar backend/scrapingSportsbooks/TipoFotos/ApostaGanha.py: [Errno 2] No such file or directory: 'D:\\Downloads\\Projeto Bet\\Analise_Sportsbooks\\Analise_Sportsbooks\\backend\\backend/scrapingSportsbooks/TipoFotos/ApostaGanha.py'
2025-03-16 20:11:48,600 - ERROR - Erro ao executar backend\\scrapingSportsbooks\\Tipo1\\betPIX365.py: [Errno 2] No such file or directory: 'D:\\Downloads\\Projeto Bet\\Analise_Sportsbooks\\Analise_Sportsbooks\\backend\\backend\\\\scrapingSportsbooks\\\\Tipo1\\\\betPIX365.py'
2025-03-16 20:11:48,600 - ERROR - ❌ Erro ao executar backend/scrapingSportsbooks/TipoFotos/EsportivaBet.py: [Errno 2] No such file or directory: 'D:\\Downloads\\Projeto Bet\\Analise_Sportsbooks\\Analise_Sportsbooks\\backend\\backend/scrapingSportsbooks/TipoFotos/EsportivaBet.py'
2025-03-16 20:11:50,092 - ERROR - Falha em backend\\scrapingSportsbooks\\Tipo1\\betPIX365.py, conversão não será executada.
2025-03-16 20:11:50,107 - INFO - ⏳ Aguardando 24 horas antes da próxima execução de TipoFotos...
2025-03-16 20:11:50,107 - INFO - Executando scraping: backend\\scrapingSportsbooks\\Tipo1\\brbet.py
2025-03-16 20:11:50,107 - ERROR - Erro ao executar backend\\scrapingSportsbooks\\Tipo1\\brbet.py: [Errno 2] No such file or directory: 'D:\\Downloads\\Projeto Bet\\Analise_Sportsbooks\\Analise_Sportsbooks\\backend\\backend\\\\scrapingSportsbooks\\\\Tipo1\\\\brbet.py'
2025-03-16 20:11:50,107 - ERROR - Falha em backend\\scrapingSportsbooks\\Tipo1\\brbet.py, conversão não será executada.
2025-03-16 20:11:50,116 - INFO - Executando scraping: backend\\scrapingSportsbooks\\Tipo1\\vaidebet.py
2025-03-16 20:11:50,117 - ERROR - Erro ao executar backend\\scrapingSportsbooks\\Tipo1\\vaidebet.py: [Errno 2] No such file or directory: 'D:\\Downloads\\Projeto Bet\\Analise_Sportsbooks\\Analise_Sportsbooks\\backend\\backend\\\\scrapingSportsbooks\\\\Tipo1\\\\vaidebet.py'
2025-03-16 20:11:50,118 - ERROR - Falha em backend\\scrapingSportsbooks\\Tipo1\\vaidebet.py, conversão não será executada.
2025-03-16 20:11:50,119 - INFO - Executando scraping: backend\\convertoresJsonCSV\\convertorESTRELABET.py
2025-03-16 20:11:50,120 - ERROR - Erro ao executar backend\\convertoresJsonCSV\\convertorESTRELABET.py: [Errno 2] No such file or directory: 'D:\\Downloads\\Projeto Bet\\Analise_Sportsbooks\\Analise_Sportsbooks\\backend\\backend\\\\convertoresJsonCSV\\\\convertorESTRELABET.py'
2025-03-16 20:11:50,120 - ERROR - Falha em backend\\convertoresJsonCSV\\convertorESTRELABET.py, conversão não será executada.
2025-03-16 20:11:50,122 - INFO - Executando scripts CSV DIRETO...
2025-03-16 20:11:50,124 - ERROR - Erro ao executar backend\\scrapingSportsbooks\\Tipo4\\tipo4(UXBET).py: [Errno 2] No such file or directory: 'D:\\Downloads\\Projeto Bet\\Analise_Sportsbooks\\Analise_Sportsbooks\\backend\\backend\\\\scrapingSportsbooks\\\\Tipo4\\\\tipo4(UXBET).py'
2025-03-16 20:11:50,125 - ERROR - Erro ao executar backend\\scrapingSportsbooks\\Tipo3\\tipo3(FAZ1BET).py: [Errno 2] No such file or directory: 'D:\\Downloads\\Projeto Bet\\Analise_Sportsbooks\\Analise_Sportsbooks\\backend\\backend\\\\scrapingSportsbooks\\\\Tipo3\\\\tipo3(FAZ1BET).py'
2025-03-16 20:11:50,125 - ERROR - Erro ao executar backend\\scrapingSportsbooks\\Tipo1\\BetEsporte.py: [Errno 2] No such file or directory: 'D:\\Downloads\\Projeto Bet\\Analise_Sportsbooks\\Analise_Sportsbooks\\backend\\backend\\\\scrapingSportsbooks\\\\Tipo1\\\\BetEsporte.py'
2025-03-16 20:11:50,126 - ERROR - Erro ao executar backend\\scrapingSportsbooks\\Tipo3\\tipo3(BETfast).py: [Errno 2] No such file or directory: 'D:\\Downloads\\Projeto Bet\\Analise_Sportsbooks\\Analise_Sportsbooks\\backend\\backend\\\\scrapingSportsbooks\\\\Tipo3\\\\tipo3(BETfast).py'
2025-03-16 20:11:50,128 - INFO - Executando scripts COMPOSTOS...
2025-03-16 20:11:50,129 - INFO - Executando scraping: backend\\scrapingSportsbooks\\Tipo1\\betPIX365.py
2025-03-16 20:11:50,129 - ERROR - Erro ao executar backend\\scrapingSportsbooks\\Tipo1\\betPIX365.py: [Errno 2] No such file or directory: 'D:\\Downloads\\Projeto Bet\\Analise_Sportsbooks\\Analise_Sportsbooks\\backend\\backend\\\\scrapingSportsbooks\\\\Tipo1\\\\betPIX365.py'
2025-03-16 20:11:50,129 - ERROR - Falha em backend\\scrapingSportsbooks\\Tipo1\\betPIX365.py, conversão não será executada.
2025-03-16 20:11:50,129 - INFO - Executando scraping: backend\\scrapingSportsbooks\\Tipo1\\brbet.py
2025-03-16 20:11:50,132 - ERROR - Erro ao executar backend\\scrapingSportsbooks\\Tipo1\\brbet.py: [Errno 2] No such file or directory: 'D:\\Downloads\\Projeto Bet\\Analise_Sportsbooks\\Analise_Sportsbooks\\backend\\backend\\\\scrapingSportsbooks\\\\Tipo1\\\\brbet.py'
2025-03-16 20:11:50,133 - ERROR - Falha em backend\\scrapingSportsbooks\\Tipo1\\brbet.py, conversão não será executada.
2025-03-16 20:11:50,134 - INFO - Executando scraping: backend\\scrapingSportsbooks\\Tipo1\\vaidebet.py
2025-03-16 20:11:50,134 - ERROR - Erro ao executar backend\\scrapingSportsbooks\\Tipo1\\vaidebet.py: [Errno 2] No such file or directory: 'D:\\Downloads\\Projeto Bet\\Analise_Sportsbooks\\Analise_Sportsbooks\\backend\\backend\\\\scrapingSportsbooks\\\\Tipo1\\\\vaidebet.py'
2025-03-16 20:11:50,135 - ERROR - Falha em backend\\scrapingSportsbooks\\Tipo1\\vaidebet.py, conversão não será executada.
2025-03-16 20:11:50,135 - INFO - Executando scraping: backend\\convertoresJsonCSV\\convertorESTRELABET.py
2025-03-16 20:11:50,136 - ERROR - Erro ao executar backend\\convertoresJsonCSV\\convertorESTRELABET.py: [Errno 2] No such file or directory: 'D:\\Downloads\\Projeto Bet\\Analise_Sportsbooks\\Analise_Sportsbooks\\backend\\backend\\\\convertoresJsonCSV\\\\convertorESTRELABET.py'
2025-03-16 20:11:50,137 - ERROR - Falha em backend\\convertoresJsonCSV\\convertorESTRELABET.py, conversão não será executada.
2025-03-16 20:11:50,137 - INFO - Executando scripts CSV DIRETO...
2025-03-16 20:11:50,138 - ERROR - Erro ao executar backend\\scrapingSportsbooks\\Tipo4\\tipo4(UXBET).py: [Errno 2] No such file or directory: 'D:\\Downloads\\Projeto Bet\\Analise_Sportsbooks\\Analise_Sportsbooks\\backend\\backend\\\\scrapingSportsbooks\\\\Tipo4\\\\tipo4(UXBET).py'
2025-03-16 20:11:50,140 - ERROR - Erro ao executar backend\\scrapingSportsbooks\\Tipo3\\tipo3(FAZ1BET).py: [Errno 2] No such file or directory: 'D:\\Downloads\\Projeto Bet\\Analise_Sportsbooks\\Analise_Sportsbooks\\backend\\backend\\\\scrapingSportsbooks\\\\Tipo3\\\\tipo3(FAZ1BET).py'
2025-03-16 20:11:50,140 - ERROR - Erro ao executar backend\\scrapingSportsbooks\\Tipo3\\tipo3(BETfast).py: [Errno 2] No such file or directory: 'D:\\Downloads\\Projeto Bet\\Analise_Sportsbooks\\Analise_Sportsbooks\\backend\\backend\\\\scrapingSportsbooks\\\\Tipo3\\\\tipo3(BETfast).py'
2025-03-16 20:11:50,140 - ERROR - Erro ao executar backend\\scrapingSportsbooks\\Tipo1\\BetEsporte.py: [Errno 2] No such file or directory: 'D:\\Downloads\\Projeto Bet\\Analise_Sportsbooks\\Analise_Sportsbooks\\backend\\backend\\\\scrapingSportsbooks\\\\Tipo1\\\\BetEsporte.py'
2025-03-16 20:11:50,144 - INFO - Executando scripts COMPOSTOS...
2025-03-16 20:11:50,145 - INFO - Executando scraping: backend\\scrapingSportsbooks\\Tipo1\\betPIX365.py
2025-03-16 20:11:50,146 - ERROR - Erro ao executar backend\\scrapingSportsbooks\\Tipo1\\betPIX365.py: [Errno 2] No such file or directory: 'D:\\Downloads\\Projeto Bet\\Analise_Sportsbooks\\Analise_Sportsbooks\\backend\\backend\\\\scrapingSportsbooks\\\\Tipo1\\\\betPIX365.py'
2025-03-16 20:11:50,146 - ERROR - Falha em backend\\scrapingSportsbooks\\Tipo1\\betPIX365.py, conversão não será executada.
2025-03-16 20:11:50,146 - INFO - Executando scraping: backend\\scrapingSportsbooks\\Tipo1\\brbet.py
2025-03-16 20:11:50,146 - ERROR - Erro ao executar backend\\scrapingSportsbooks\\Tipo1\\brbet.py: [Errno 2] No such file or directory: 'D:\\Downloads\\Projeto Bet\\Analise_Sportsbooks\\Analise_Sportsbooks\\backend\\backend\\\\scrapingSportsbooks\\\\Tipo1\\\\brbet.py'
2025-03-16 20:11:50,149 - ERROR - Falha em backend\\scrapingSportsbooks\\Tipo1\\brbet.py, conversão não será executada.
2025-03-16 20:11:50,150 - INFO - Executando scraping: backend\\scrapingSportsbooks\\Tipo1\\vaidebet.py
2025-03-16 20:11:50,151 - ERROR - Erro ao executar backend\\scrapingSportsbooks\\Tipo1\\vaidebet.py: [Errno 2] No such file or directory: 'D:\\Downloads\\Projeto Bet\\Analise_Sportsbooks\\Analise_Sportsbooks\\backend\\backend\\\\scrapingSportsbooks\\\\Tipo1\\\\vaidebet.py'
2025-03-16 20:11:50,153 - ERROR - Falha em backend\\scrapingSportsbooks\\Tipo1\\vaidebet.py, conversão não será executada.
2025-03-16 20:11:50,153 - INFO - Executando scraping: backend\\convertoresJsonCSV\\convertorESTRELABET.py
2025-03-16 20:11:50,154 - ERROR - Erro ao executar backend\\convertoresJsonCSV\\convertorESTRELABET.py: [Errno 2] No such file or directory: 'D:\\Downloads\\Projeto Bet\\Analise_Sportsbooks\\Analise_Sportsbooks\\backend\\backend\\\\convertoresJsonCSV\\\\convertorESTRELABET.py'
2025-03-16 20:11:50,158 - ERROR - Falha em backend\\convertoresJsonCSV\\convertorESTRELABET.py, conversão não será executada.
2025-03-16 20:11:50,158 - INFO - Executando scripts CSV DIRETO...
2025-03-16 20:11:50,159 - ERROR - Erro ao executar backend\\scrapingSportsbooks\\Tipo4\\tipo4(UXBET).py: [Errno 2] No such file or directory: 'D:\\Downloads\\Projeto Bet\\Analise_Sportsbooks\\Analise_Sportsbooks\\backend\\backend\\\\scrapingSportsbooks\\\\Tipo4\\\\tipo4(UXBET).py'
2025-03-16 20:11:50,159 - ERROR - Erro ao executar backend\\scrapingSportsbooks\\Tipo3\\tipo3(FAZ1BET).py: [Errno 2] No such file or directory: 'D:\\Downloads\\Projeto Bet\\Analise_Sportsbooks\\Analise_Sportsbooks\\backend\\backend\\\\scrapingSportsbooks\\\\Tipo3\\\\tipo3(FAZ1BET).py'
2025-03-16 20:11:50,160 - ERROR - Erro ao executar backend\\scrapingSportsbooks\\Tipo3\\tipo3(BETfast).py: [Errno 2] No such file or directory: 'D:\\Downloads\\Projeto Bet\\Analise_Sportsbooks\\Analise_Sportsbooks\\backend\\backend\\\\scrapingSportsbooks\\\\Tipo3\\\\tipo3(BETfast).py'
2025-03-16 20:11:50,161 - ERROR - Erro ao executar backend\\scrapingSportsbooks\\Tipo1\\BetEsporte.py: [Errno 2] No such file or directory: 'D:\\Downloads\\Projeto Bet\\Analise_Sportsbooks\\Analise_Sportsbooks\\backend\\backend\\\\scrapingSportsbooks\\\\Tipo1\\\\BetEsporte.py'
2025-03-16 20:11:50,162 - INFO - Aguardando 15 minutos para o próximo ciclo de COMPOSTOS e CSV DIRETO...
2025-03-16 20:11:58,607 - INFO - ⏳ Aguardando 120 segundos antes de iniciar o envio de apostas...
2025-03-16 20:12:53,738 - INFO - Executando scripts COMPOSTOS...
2025-03-16 20:12:53,738 - INFO - 📸 Executando scripts do TipoFotos...
2025-03-16 20:12:53,738 - INFO - Executando scraping: backend\\scrapingSportsbooks\\Tipo1\\betPIX365.py
2025-03-16 20:12:53,738 - ERROR - ❌ Erro ao executar backend/scrapingSportsbooks/TipoFotos/ApostaGanha.py: [Errno 2] No such file or directory: 'D:\\Downloads\\Projeto Bet\\Analise_Sportsbooks\\Analise_Sportsbooks\\backend\\backend/scrapingSportsbooks/TipoFotos/ApostaGanha.py'
2025-03-16 20:12:53,738 - ERROR - Erro ao executar backend\\scrapingSportsbooks\\Tipo1\\betPIX365.py: [Errno 2] No such file or directory: 'D:\\Downloads\\Projeto Bet\\Analise_Sportsbooks\\Analise_Sportsbooks\\backend\\backend\\\\scrapingSportsbooks\\\\Tipo1\\\\betPIX365.py'
2025-03-16 20:12:53,738 - ERROR - ❌ Erro ao executar backend/scrapingSportsbooks/TipoFotos/EsportivaBet.py: [Errno 2] No such file or directory: 'D:\\Downloads\\Projeto Bet\\Analise_Sportsbooks\\Analise_Sportsbooks\\backend\\backend/scrapingSportsbooks/TipoFotos/EsportivaBet.py'
2025-03-16 20:12:53,738 - ERROR - Falha em backend\\scrapingSportsbooks\\Tipo1\\betPIX365.py, conversão não será executada.
2025-03-16 20:12:53,738 - INFO - ⏳ Aguardando 24 horas antes da próxima execução de TipoFotos...
2025-03-16 20:12:53,738 - INFO - Executando scraping: backend\\scrapingSportsbooks\\Tipo1\\brbet.py
2025-03-16 20:12:53,738 - ERROR - Erro ao executar backend\\scrapingSportsbooks\\Tipo1\\brbet.py: [Errno 2] No such file or directory: 'D:\\Downloads\\Projeto Bet\\Analise_Sportsbooks\\Analise_Sportsbooks\\backend\\backend\\\\scrapingSportsbooks\\\\Tipo1\\\\brbet.py'
2025-03-16 20:12:53,738 - ERROR - Falha em backend\\scrapingSportsbooks\\Tipo1\\brbet.py, conversão não será executada.
2025-03-16 20:12:53,738 - INFO - Executando scraping: backend\\scrapingSportsbooks\\Tipo1\\vaidebet.py
2025-03-16 20:12:53,738 - ERROR - Erro ao executar backend\\scrapingSportsbooks\\Tipo1\\vaidebet.py: [Errno 2] No such file or directory: 'D:\\Downloads\\Projeto Bet\\Analise_Sportsbooks\\Analise_Sportsbooks\\backend\\backend\\\\scrapingSportsbooks\\\\Tipo1\\\\vaidebet.py'
2025-03-16 20:12:53,738 - ERROR - Falha em backend\\scrapingSportsbooks\\Tipo1\\vaidebet.py, conversão não será executada.
2025-03-16 20:12:53,738 - INFO - Executando scraping: backend\\convertoresJsonCSV\\convertorESTRELABET.py
2025-03-16 20:12:53,754 - ERROR - Erro ao executar backend\\convertoresJsonCSV\\convertorESTRELABET.py: [Errno 2] No such file or directory: 'D:\\Downloads\\Projeto Bet\\Analise_Sportsbooks\\Analise_Sportsbooks\\backend\\backend\\\\convertoresJsonCSV\\\\convertorESTRELABET.py'
2025-03-16 20:12:53,754 - ERROR - Falha em backend\\convertoresJsonCSV\\convertorESTRELABET.py, conversão não será executada.
2025-03-16 20:12:53,755 - INFO - Executando scripts CSV DIRETO...
2025-03-16 20:12:53,756 - ERROR - Erro ao executar backend\\scrapingSportsbooks\\Tipo4\\tipo4(UXBET).py: [Errno 2] No such file or directory: 'D:\\Downloads\\Projeto Bet\\Analise_Sportsbooks\\Analise_Sportsbooks\\backend\\backend\\\\scrapingSportsbooks\\\\Tipo4\\\\tipo4(UXBET).py'
2025-03-16 20:12:53,757 - ERROR - Erro ao executar backend\\scrapingSportsbooks\\Tipo3\\tipo3(FAZ1BET).py: [Errno 2] No such file or directory: 'D:\\Downloads\\Projeto Bet\\Analise_Sportsbooks\\Analise_Sportsbooks\\backend\\backend\\\\scrapingSportsbooks\\\\Tipo3\\\\tipo3(FAZ1BET).py'
2025-03-16 20:12:53,758 - ERROR - Erro ao executar backend\\scrapingSportsbooks\\Tipo3\\tipo3(BETfast).py: [Errno 2] No such file or directory: 'D:\\Downloads\\Projeto Bet\\Analise_Sportsbooks\\Analise_Sportsbooks\\backend\\backend\\\\scrapingSportsbooks\\\\Tipo3\\\\tipo3(BETfast).py'
2025-03-16 20:12:53,758 - ERROR - Erro ao executar backend\\scrapingSportsbooks\\Tipo1\\BetEsporte.py: [Errno 2] No such file or directory: 'D:\\Downloads\\Projeto Bet\\Analise_Sportsbooks\\Analise_Sportsbooks\\backend\\backend\\\\scrapingSportsbooks\\\\Tipo1\\\\BetEsporte.py'
2025-03-16 20:12:53,760 - INFO - Executando scripts COMPOSTOS...
2025-03-16 20:12:53,760 - INFO - Executando scraping: backend\\scrapingSportsbooks\\Tipo1\\betPIX365.py
2025-03-16 20:12:53,764 - ERROR - Erro ao executar backend\\scrapingSportsbooks\\Tipo1\\betPIX365.py: [Errno 2] No such file or directory: 'D:\\Downloads\\Projeto Bet\\Analise_Sportsbooks\\Analise_Sportsbooks\\backend\\backend\\\\scrapingSportsbooks\\\\Tipo1\\\\betPIX365.py'
2025-03-16 20:12:53,765 - ERROR - Falha em backend\\scrapingSportsbooks\\Tipo1\\betPIX365.py, conversão não será executada.
2025-03-16 20:12:53,767 - INFO - Executando scraping: backend\\scrapingSportsbooks\\Tipo1\\brbet.py
2025-03-16 20:12:53,768 - ERROR - Erro ao executar backend\\scrapingSportsbooks\\Tipo1\\brbet.py: [Errno 2] No such file or directory: 'D:\\Downloads\\Projeto Bet\\Analise_Sportsbooks\\Analise_Sportsbooks\\backend\\backend\\\\scrapingSportsbooks\\\\Tipo1\\\\brbet.py'
2025-03-16 20:12:53,769 - ERROR - Falha em backend\\scrapingSportsbooks\\Tipo1\\brbet.py, conversão não será executada.
2025-03-16 20:12:53,770 - INFO - Executando scraping: backend\\scrapingSportsbooks\\Tipo1\\vaidebet.py
2025-03-16 20:12:53,773 - ERROR - Erro ao executar backend\\scrapingSportsbooks\\Tipo1\\vaidebet.py: [Errno 2] No such file or directory: 'D:\\Downloads\\Projeto Bet\\Analise_Sportsbooks\\Analise_Sportsbooks\\backend\\backend\\\\scrapingSportsbooks\\\\Tipo1\\\\vaidebet.py'
2025-03-16 20:12:53,775 - ERROR - Falha em backend\\scrapingSportsbooks\\Tipo1\\vaidebet.py, conversão não será executada.
2025-03-16 20:12:53,775 - INFO - Executando scraping: backend\\convertoresJsonCSV\\convertorESTRELABET.py
2025-03-16 20:12:53,777 - ERROR - Erro ao executar backend\\convertoresJsonCSV\\convertorESTRELABET.py: [Errno 2] No such file or directory: 'D:\\Downloads\\Projeto Bet\\Analise_Sportsbooks\\Analise_Sportsbooks\\backend\\backend\\\\convertoresJsonCSV\\\\convertorESTRELABET.py'
2025-03-16 20:12:53,779 - ERROR - Falha em backend\\convertoresJsonCSV\\convertorESTRELABET.py, conversão não será executada.
2025-03-16 20:12:53,784 - INFO - Executando scripts CSV DIRETO...
2025-03-16 20:12:53,788 - ERROR - Erro ao executar backend\\scrapingSportsbooks\\Tipo4\\tipo4(UXBET).py: [Errno 2] No such file or directory: 'D:\\Downloads\\Projeto Bet\\Analise_Sportsbooks\\Analise_Sportsbooks\\backend\\backend\\\\scrapingSportsbooks\\\\Tipo4\\\\tipo4(UXBET).py'
2025-03-16 20:12:53,789 - ERROR - Erro ao executar backend\\scrapingSportsbooks\\Tipo3\\tipo3(FAZ1BET).py: [Errno 2] No such file or directory: 'D:\\Downloads\\Projeto Bet\\Analise_Sportsbooks\\Analise_Sportsbooks\\backend\\backend\\\\scrapingSportsbooks\\\\Tipo3\\\\tipo3(FAZ1BET).py'
2025-03-16 20:12:53,789 - ERROR - Erro ao executar backend\\scrapingSportsbooks\\Tipo3\\tipo3(BETfast).py: [Errno 2] No such file or directory: 'D:\\Downloads\\Projeto Bet\\Analise_Sportsbooks\\Analise_Sportsbooks\\backend\\backend\\\\scrapingSportsbooks\\\\Tipo3\\\\tipo3(BETfast).py'
2025-03-16 20:12:53,790 - ERROR - Erro ao executar backend\\scrapingSportsbooks\\Tipo1\\BetEsporte.py: [Errno 2] No such file or directory: 'D:\\Downloads\\Projeto Bet\\Analise_Sportsbooks\\Analise_Sportsbooks\\backend\\backend\\\\scrapingSportsbooks\\\\Tipo1\\\\BetEsporte.py'
2025-03-16 20:12:53,791 - INFO - Executando scripts COMPOSTOS...
2025-03-16 20:12:53,791 - INFO - Executando scraping: backend\\scrapingSportsbooks\\Tipo1\\betPIX365.py
2025-03-16 20:12:53,792 - ERROR - Erro ao executar backend\\scrapingSportsbooks\\Tipo1\\betPIX365.py: [Errno 2] No such file or directory: 'D:\\Downloads\\Projeto Bet\\Analise_Sportsbooks\\Analise_Sportsbooks\\backend\\backend\\\\scrapingSportsbooks\\\\Tipo1\\\\betPIX365.py'
2025-03-16 20:12:53,795 - ERROR - Falha em backend\\scrapingSportsbooks\\Tipo1\\betPIX365.py, conversão não será executada.
2025-03-16 20:12:53,799 - INFO - Executando scraping: backend\\scrapingSportsbooks\\Tipo1\\brbet.py
2025-03-16 20:12:53,801 - ERROR - Erro ao executar backend\\scrapingSportsbooks\\Tipo1\\brbet.py: [Errno 2] No such file or directory: 'D:\\Downloads\\Projeto Bet\\Analise_Sportsbooks\\Analise_Sportsbooks\\backend\\backend\\\\scrapingSportsbooks\\\\Tipo1\\\\brbet.py'
2025-03-16 20:12:53,801 - ERROR - Falha em backend\\scrapingSportsbooks\\Tipo1\\brbet.py, conversão não será executada.
2025-03-16 20:12:53,803 - INFO - Executando scraping: backend\\scrapingSportsbooks\\Tipo1\\vaidebet.py
2025-03-16 20:12:53,804 - ERROR - Erro ao executar backend\\scrapingSportsbooks\\Tipo1\\vaidebet.py: [Errno 2] No such file or directory: 'D:\\Downloads\\Projeto Bet\\Analise_Sportsbooks\\Analise_Sportsbooks\\backend\\backend\\\\scrapingSportsbooks\\\\Tipo1\\\\vaidebet.py'
2025-03-16 20:12:53,804 - ERROR - Falha em backend\\scrapingSportsbooks\\Tipo1\\vaidebet.py, conversão não será executada.
2025-03-16 20:12:53,805 - INFO - Executando scraping: backend\\convertoresJsonCSV\\convertorESTRELABET.py
2025-03-16 20:12:53,806 - ERROR - Erro ao executar backend\\convertoresJsonCSV\\convertorESTRELABET.py: [Errno 2] No such file or directory: 'D:\\Downloads\\Projeto Bet\\Analise_Sportsbooks\\Analise_Sportsbooks\\backend\\backend\\\\convertoresJsonCSV\\\\convertorESTRELABET.py'
2025-03-16 20:12:53,807 - ERROR - Falha em backend\\convertoresJsonCSV\\convertorESTRELABET.py, conversão não será executada.
2025-03-16 20:12:53,816 - INFO - Executando scripts CSV DIRETO...
2025-03-16 20:12:53,820 - ERROR - Erro ao executar backend\\scrapingSportsbooks\\Tipo4\\tipo4(UXBET).py: [Errno 2] No such file or directory: 'D:\\Downloads\\Projeto Bet\\Analise_Sportsbooks\\Analise_Sportsbooks\\backend\\backend\\\\scrapingSportsbooks\\\\Tipo4\\\\tipo4(UXBET).py'
2025-03-16 20:12:53,821 - ERROR - Erro ao executar backend\\scrapingSportsbooks\\Tipo3\\tipo3(FAZ1BET).py: [Errno 2] No such file or directory: 'D:\\Downloads\\Projeto Bet\\Analise_Sportsbooks\\Analise_Sportsbooks\\backend\\backend\\\\scrapingSportsbooks\\\\Tipo3\\\\tipo3(FAZ1BET).py'
2025-03-16 20:12:53,822 - ERROR - Erro ao executar backend\\scrapingSportsbooks\\Tipo3\\tipo3(BETfast).py: [Errno 2] No such file or directory: 'D:\\Downloads\\Projeto Bet\\Analise_Sportsbooks\\Analise_Sportsbooks\\backend\\backend\\\\scrapingSportsbooks\\\\Tipo3\\\\tipo3(BETfast).py'
2025-03-16 20:12:53,822 - ERROR - Erro ao executar backend\\scrapingSportsbooks\\Tipo1\\BetEsporte.py: [Errno 2] No such file or directory: 'D:\\Downloads\\Projeto Bet\\Analise_Sportsbooks\\Analise_Sportsbooks\\backend\\backend\\\\scrapingSportsbooks\\\\Tipo1\\\\BetEsporte.py'
2025-03-16 20:12:53,824 - INFO - Aguardando 15 minutos para o próximo ciclo de COMPOSTOS e CSV DIRETO...
2025-03-16 20:13:03,748 - INFO - ⏳ Aguardando 120 segundos antes de iniciar o envio de apostas...
